{"message":"Now listening at 3000","level":"info"}
{"message":"Now listening at 3000","level":"info"}
{"message":"Now listening at 3000","level":"info"}
{"message":".................{\n\"data\": {\n    \"loginTitle\": \"Login\",\n    \"registerTitle\": \"Register\",\n    \"username\": \"User Name\",\n    \"password\": \"Password\",\n    \"formBtnText\": \"Login\",\n    \"registerBtnText\": \"Register\"\n  }\n}","level":"info"}
{"data":{"loginTitle":"Login","registerTitle":"Register","username":"User Name","password":"Password","formBtnText":"Login","registerBtnText":"Register"},"level":"info","message":"----------------------"}
{"message":"Now listening at 3000","level":"info"}
{"message":".................{\n\"data\": {\n    \"loginTitle\": \"Login\",\n    \"registerTitle\": \"Register\",\n    \"username\": \"User Name\",\n    \"password\": \"Password\",\n    \"formBtnText\": \"Login\",\n    \"registerBtnText\": \"Register\"\n  }\n}","level":"info"}
{"data":{"loginTitle":"Login","registerTitle":"Register","username":"User Name","password":"Password","formBtnText":"Login","registerBtnText":"Register"},"level":"info","message":"----------------------"}
{"message":"Now listening at 3000","level":"info"}
{"level":"info","message":"----------------------"}
{"0":123,"1":10,"2":34,"3":100,"4":97,"5":116,"6":97,"7":34,"8":58,"9":32,"10":123,"11":10,"12":32,"13":32,"14":32,"15":32,"16":34,"17":108,"18":111,"19":103,"20":105,"21":110,"22":84,"23":105,"24":116,"25":108,"26":101,"27":34,"28":58,"29":32,"30":34,"31":76,"32":111,"33":103,"34":105,"35":110,"36":34,"37":44,"38":10,"39":32,"40":32,"41":32,"42":32,"43":34,"44":114,"45":101,"46":103,"47":105,"48":115,"49":116,"50":101,"51":114,"52":84,"53":105,"54":116,"55":108,"56":101,"57":34,"58":58,"59":32,"60":34,"61":82,"62":101,"63":103,"64":105,"65":115,"66":116,"67":101,"68":114,"69":34,"70":44,"71":10,"72":32,"73":32,"74":32,"75":32,"76":34,"77":117,"78":115,"79":101,"80":114,"81":110,"82":97,"83":109,"84":101,"85":34,"86":58,"87":32,"88":34,"89":85,"90":115,"91":101,"92":114,"93":32,"94":78,"95":97,"96":109,"97":101,"98":34,"99":44,"100":10,"101":32,"102":32,"103":32,"104":32,"105":34,"106":112,"107":97,"108":115,"109":115,"110":119,"111":111,"112":114,"113":100,"114":34,"115":58,"116":32,"117":34,"118":80,"119":97,"120":115,"121":115,"122":119,"123":111,"124":114,"125":100,"126":34,"127":44,"128":10,"129":32,"130":32,"131":32,"132":32,"133":34,"134":102,"135":111,"136":114,"137":109,"138":66,"139":116,"140":110,"141":84,"142":101,"143":120,"144":116,"145":34,"146":58,"147":32,"148":34,"149":76,"150":111,"151":103,"152":105,"153":110,"154":34,"155":44,"156":10,"157":32,"158":32,"159":32,"160":32,"161":34,"162":114,"163":101,"164":103,"165":105,"166":115,"167":116,"168":101,"169":114,"170":66,"171":116,"172":110,"173":84,"174":101,"175":120,"176":116,"177":34,"178":58,"179":32,"180":34,"181":82,"182":101,"183":103,"184":105,"185":115,"186":116,"187":101,"188":114,"189":34,"190":10,"191":32,"192":32,"193":125,"194":10,"195":125,"level":"info","message":"Data..........................."}
{"message":"Now listening at 3000","level":"info"}
{"level":"info","message":"----------------------"}
{"data":{"loginTitle":"Login","registerTitle":"Register","username":"User Name","password":"Password","formBtnText":"Login","registerBtnText":"Register"},"level":"info","message":"Data..........................."}
{"message":"Now listening at 3000","level":"info"}
{"level":"info","message":"----------------------"}
{"data":{"loginTitle":"Login","registerTitle":"Register","username":"User Name","password":"Password","formBtnText":"Login","registerBtnText":"Register"},"level":"info","message":"Data..........................."}
{"message":"Now listening at 3000","level":"info"}
{"message":"Now listening at 3000","level":"info"}
{"level":"info","message":"userService"}
{"message":"userServiceSearching for a user based on id:wr234","level":"info"}
{"message":"222222221","level":"info"}
{"level":"info","message":"SequelizeUtil"}
{"level":"info","message":"userService"}
{"message":"userServiceSearching for a user based on id:wr234","level":"info"}
{"message":"222222221","level":"info"}
{"level":"info","message":"SequelizeUtil"}
{"level":"info","message":"userService"}
{"message":"userServiceSearching for a user based on id:wr234","level":"info"}
{"message":"222222221","level":"info"}
{"level":"info","message":"SequelizeUtil"}
{"level":"info","message":"userService"}
{"message":"userServiceSearching for a user based on id:wr234","level":"info"}
{"message":"222222221","level":"info"}
{"level":"info","message":"SequelizeUtil"}
{"level":"info","message":"userService"}
{"message":"userServiceSearching for a user based on id:wr234","level":"info"}
{"message":"222222221","level":"info"}
{"level":"info","message":"SequelizeUtil"}
{"level":"info","message":"userService"}
{"message":"userServiceSearching for a user based on id:5345345","level":"info"}
{"message":"222222221","level":"info"}
{"level":"info","message":"SequelizeUtil"}
{"level":"info","message":"userService"}
{"message":"userServiceSearching for a user based on id:5345345","level":"info"}
{"message":"222222221","level":"info"}
{"level":"info","message":"SequelizeUtil"}
{"level":"info","message":"userService"}
{"message":"userServiceSearching for a user based on id:5345345","level":"info"}
{"message":"222222221","level":"info"}
{"level":"info","message":"SequelizeUtil"}
{"message":"Now listening at 3000","level":"info"}
{"level":"info","message":"userService"}
{"message":"userServiceSearching for a user based on id:12344","level":"info"}
{"level":"info","message":"SequelizeUtil"}
{"level":"info","message":"userService"}
{"level":"info","message":"SequelizeUtil"}
{"level":"info","message":"userService"}
{"message":"userServiceSearching for a user based on id:hello","level":"info"}
{"level":"info","message":"SequelizeUtil"}
{"level":"info","message":"userService"}
{"level":"info","message":"SequelizeUtil"}
{"message":"Now listening at 3000","level":"info"}
{"level":"info","message":"userService"}
{"message":"userServiceSearching for a user based on id:User1","level":"info"}
{"level":"info","message":"SequelizeUtil"}
{"level":"info","message":"userService"}
{"level":"info","message":"SequelizeUtil"}
{"level":"info","message":"userService"}
{"message":"userServiceSearching for a user based on id:user","level":"info"}
{"level":"info","message":"SequelizeUtil"}
{"level":"info","message":"userModel"}
{"level":"info","message":"userService"}
{"message":"userServiceSearching for a user based on id:user","level":"info"}
{"level":"info","message":"SequelizeUtil"}
{"level":"info","message":"userModel"}
{"level":"info","message":"userService"}
{"message":"userServiceSearching for a user based on id:user","level":"info"}
{"level":"info","message":"SequelizeUtil"}
{"level":"info","message":"userModel"}
{"level":"info","message":"userService"}
{"message":"userServiceSearching for a user based on id:neehu","level":"info"}
{"level":"info","message":"SequelizeUtil"}
{"level":"info","message":"userModel"}
{"message":"Now listening at 3000","level":"info"}
{"level":"info","message":"userService"}
{"message":"userServiceSearching for a user based on id:neehu","level":"info"}
{"level":"info","message":"SequelizeUtil"}
{"level":"info","message":"userModel"}
{"level":"info","message":"userService"}
{"message":"userServiceSearching for a user based on id:neehu","level":"info"}
{"level":"info","message":"SequelizeUtil"}
{"level":"info","message":"userModel"}
{"level":"info","message":"userService"}
{"message":"userServiceSearching for a user based on id:hi","level":"info"}
{"level":"info","message":"SequelizeUtil"}
{"level":"info","message":"userService"}
{"level":"info","message":"SequelizeUtil"}
{"level":"info","message":"userService"}
{"message":"userServiceSearching for a user based on id:hi","level":"info"}
{"level":"info","message":"SequelizeUtil"}
{"level":"info","message":"userModel"}
{"level":"info","message":"userService"}
{"message":"userServiceSearching for a user based on id:hi1","level":"info"}
{"level":"info","message":"SequelizeUtil"}
{"level":"info","message":"userService"}
{"level":"info","message":"SequelizeUtil"}
{"level":"info","message":"----------------------"}
{"data":{"loginTitle":"Login","registerTitle":"Register","username":"User Name","password":"Password","formBtnText":"Login","registerBtnText":"Register"},"level":"info","message":"Data..........................."}
{"level":"info","message":"----------------------"}
{"data":{"loginTitle":"Login","registerTitle":"Register","username":"User Name","password":"Password","formBtnText":"Login","registerBtnText":"Register"},"level":"info","message":"Data..........................."}
{"level":"info","message":"----------------------"}
{"data":{"loginTitle":"Login","registerTitle":"Register","username":"User Name","password":"Password","formBtnText":"Login","registerBtnText":"Register"},"level":"info","message":"Data..........................."}
{"level":"info","message":"----------------------"}
{"data":{"loginTitle":"Login","registerTitle":"Register","username":"User Name","password":"Password","formBtnText":"Login","registerBtnText":"Register"},"level":"info","message":"Data..........................."}
{"level":"info","message":"----------------------"}
{"data":{"loginTitle":"Login","registerTitle":"Register","username":"User Name","password":"Password","formBtnText":"Login","registerBtnText":"Register"},"level":"info","message":"Data..........................."}
{"level":"info","message":"----------------------"}
{"data":{"loginTitle":"Login","registerTitle":"Register","username":"User Name","password":"Password","formBtnText":"Login","registerBtnText":"Register"},"level":"info","message":"Data..........................."}
{"level":"info","message":"----------------------"}
{"data":{"loginTitle":"Login","registerTitle":"Register","username":"User Name","password":"Password","formBtnText":"Login","registerBtnText":"Register"},"level":"info","message":"Data..........................."}
{"level":"info","message":"----------------------"}
{"data":{"loginTitle":"Login","registerTitle":"Register","username":"User Name","password":"Password","formBtnText":"Login","registerBtnText":"Register"},"level":"info","message":"Data..........................."}
{"level":"info","message":"----------------------"}
{"data":{"loginTitle":"Login","registerTitle":"Register","username":"User Name","password":"Password","formBtnText":"Login","registerBtnText":"Register"},"level":"info","message":"Data..........................."}
{"level":"info","message":"userService"}
{"message":"userServiceSearching for a user based on id:neehu","level":"info"}
{"level":"info","message":"SequelizeUtil"}
{"level":"info","message":"userModel"}
{"level":"info","message":"----------------------"}
{"data":{"loginTitle":"Login","registerTitle":"Register","username":"User Name","password":"Password","formBtnText":"Login","registerBtnText":"Register"},"level":"info","message":"Data..........................."}
{"level":"info","message":"----------------------"}
{"data":{"loginTitle":"Login","registerTitle":"Register","username":"User Name","password":"Password","formBtnText":"Login","registerBtnText":"Register"},"level":"info","message":"Data..........................."}
{"level":"info","message":"userService"}
{"message":"userServiceSearching for a user based on id:neehu","level":"info"}
{"level":"info","message":"SequelizeUtil"}
{"level":"info","message":"userModel"}
{"level":"info","message":"----------------------"}
{"data":{"loginTitle":"Login","registerTitle":"Register","username":"User Name","password":"Password","formBtnText":"Login","registerBtnText":"Register"},"level":"info","message":"Data..........................."}
{"level":"info","message":"----------------------"}
{"data":{"loginTitle":"Login","registerTitle":"Register","username":"User Name","password":"Password","formBtnText":"Login","registerBtnText":"Register"},"level":"info","message":"Data..........................."}
{"level":"info","message":"userService"}
{"message":"userServiceSearching for a user based on id:neehu","level":"info"}
{"level":"info","message":"SequelizeUtil"}
{"level":"info","message":"userModel"}
{"level":"info","message":"----------------------"}
{"data":{"loginTitle":"Login","registerTitle":"Register","username":"User Name","password":"Password","formBtnText":"Login","registerBtnText":"Register"},"level":"info","message":"Data..........................."}
{"level":"info","message":"----------------------"}
{"data":{"loginTitle":"Login","registerTitle":"Register","username":"User Name","password":"Password","formBtnText":"Login","registerBtnText":"Register"},"level":"info","message":"Data..........................."}
{"level":"info","message":"userService"}
{"message":"userServiceSearching for a user based on id:neehu","level":"info"}
{"level":"info","message":"SequelizeUtil"}
{"level":"info","message":"userModel"}
{"level":"info","message":"userService"}
{"message":"userServiceSearching for a user based on id:neehu","level":"info"}
{"level":"info","message":"SequelizeUtil"}
{"level":"info","message":"userModel"}
{"level":"info","message":"userService"}
{"message":"userServiceSearching for a user based on id:neehu","level":"info"}
{"level":"info","message":"SequelizeUtil"}
{"level":"info","message":"userModel"}
{"level":"info","message":"----------------------"}
{"data":{"loginTitle":"Login","registerTitle":"Register","username":"User Name","password":"Password","formBtnText":"Login","registerBtnText":"Register"},"level":"info","message":"Data..........................."}
{"level":"info","message":"userService"}
{"message":"userServiceSearching for a user based on id:neehu","level":"info"}
{"level":"info","message":"SequelizeUtil"}
{"level":"info","message":"userModel"}
{"level":"info","message":"----------------------"}
{"data":{"loginTitle":"Login","registerTitle":"Register","username":"User Name","password":"Password","formBtnText":"Login","registerBtnText":"Register"},"level":"info","message":"Data..........................."}
{"level":"info","message":"userService"}
{"message":"userServiceSearching for a user based on id:neehu","level":"info"}
{"level":"info","message":"SequelizeUtil"}
{"level":"info","message":"userModel"}
{"level":"info","message":"----------------------"}
{"data":{"loginTitle":"Login","registerTitle":"Register","username":"User Name","password":"Password","formBtnText":"Login","registerBtnText":"Register"},"level":"info","message":"Data..........................."}
{"level":"info","message":"userService"}
{"message":"userServiceSearching for a user based on id:neehu","level":"info"}
{"level":"info","message":"SequelizeUtil"}
{"level":"info","message":"userModel"}
{"level":"info","message":"----------------------"}
{"data":{"loginTitle":"Login","registerTitle":"Register","username":"User Name","password":"Password","formBtnText":"Login","registerBtnText":"Register"},"level":"info","message":"Data..........................."}
{"level":"info","message":"userService"}
{"message":"userServiceSearching for a user based on id:neehu","level":"info"}
{"level":"info","message":"SequelizeUtil"}
{"level":"info","message":"userModel"}
{"level":"info","message":"----------------------"}
{"data":{"loginTitle":"Login","registerTitle":"Register","username":"User Name","password":"Password","formBtnText":"Login","registerBtnText":"Register"},"level":"info","message":"Data..........................."}
{"level":"info","message":"userService"}
{"message":"userServiceSearching for a user based on id:neehu","level":"info"}
{"level":"info","message":"SequelizeUtil"}
{"level":"info","message":"userModel"}
{"level":"info","message":"----------------------"}
{"data":{"loginTitle":"Login","registerTitle":"Register","username":"User Name","password":"Password","formBtnText":"Login","registerBtnText":"Register"},"level":"info","message":"Data..........................."}
{"level":"info","message":"----------------------"}
{"data":{"loginTitle":"Login","registerTitle":"Register","username":"User Name","password":"Password","formBtnText":"Login","registerBtnText":"Register"},"level":"info","message":"Data..........................."}
{"level":"info","message":"userService"}
{"message":"userServiceSearching for a user based on id:neehu","level":"info"}
{"level":"info","message":"SequelizeUtil"}
{"level":"info","message":"userModel"}
{"level":"info","message":"----------------------"}
{"data":{"loginTitle":"Login","registerTitle":"Register","username":"User Name","password":"Password","formBtnText":"Login","registerBtnText":"Register"},"level":"info","message":"Data..........................."}
{"level":"info","message":"----------------------"}
{"data":{"loginTitle":"Login","registerTitle":"Register","username":"User Name","password":"Password","formBtnText":"Login","registerBtnText":"Register"},"level":"info","message":"Data..........................."}
{"level":"info","message":"userService"}
{"message":"userServiceSearching for a user based on id:neehu","level":"info"}
{"level":"info","message":"SequelizeUtil"}
{"level":"info","message":"userModel"}
{"message":"Now listening at 3000","level":"info"}
{"level":"info","message":"----------------------"}
{"data":{"loginTitle":"Login","registerTitle":"Register","username":"User Name","password":"Password","formBtnText":"Login","registerBtnText":"Register"},"level":"info","message":"Data..........................."}
{"level":"info","message":"userService"}
{"message":"userServiceSearching for a user based on id:234324","level":"info"}
{"level":"info","message":"SequelizeUtil"}
{"level":"info","message":"userService"}
{"level":"info","message":"SequelizeUtil"}
{"level":"info","message":"userService"}
{"message":"userServiceSearching for a user based on id:234324","level":"info"}
{"level":"info","message":"SequelizeUtil"}
{"level":"info","message":"----------------------"}
{"data":{"loginTitle":"Login","registerTitle":"Register","username":"User Name","password":"Password","formBtnText":"Login","registerBtnText":"Register"},"level":"info","message":"Data..........................."}
{"level":"info","message":"userService"}
{"message":"userServiceSearching for a user based on id:qwewqe","level":"info"}
{"level":"info","message":"SequelizeUtil"}
{"level":"info","message":"userModel"}
{"level":"info","message":"userService"}
{"message":"userServiceSearching for a user based on id:qwewqe","level":"info"}
{"level":"info","message":"SequelizeUtil"}
{"level":"info","message":"userModel"}
{"message":"Now listening at 3000","level":"info"}
{"message":"Now listening at 3000","level":"info"}
{"message":"Now listening at 3000","level":"info"}
{"level":"info","message":"----------------------"}
{"data":{"loginTitle":"Login","registerTitle":"Register","username":"User Name","password":"Password","formBtnText":"Login","registerBtnText":"Register"},"level":"info","message":"Data..........................."}
{"level":"info","message":"userService"}
{"message":"userServiceSearching for a user based on id:neehu","level":"info"}
{"level":"info","message":"SequelizeUtil"}
{"level":"info","message":"userModel"}
{"message":"Now listening at 3000","level":"info"}
{"message":"Now listening at 3000","level":"info"}
{"message":"Now listening at 3000","level":"info"}
{"message":"Now listening at 3000","level":"info"}
{"level":"info","message":"----------------------"}
{"data":{"loginTitle":"Login","registerTitle":"Register","username":"User Name","password":"Password","formBtnText":"Login","registerBtnText":"Register"},"level":"info","message":"Data..........................."}
{"level":"info","message":"userService"}
{"message":"userServiceSearching for a user based on id:neehu","level":"info"}
{"level":"info","message":"SequelizeUtil"}
{"level":"info","message":"userModel"}
{"message":"Now listening at 3000","level":"info"}
{"level":"info","message":"----------------------"}
{"data":{"loginTitle":"Login","registerTitle":"Register","username":"User Name","password":"Password","formBtnText":"Login","registerBtnText":"Register"},"level":"info","message":"Data..........................."}
{"level":"info","message":"----------------------"}
{"data":{"loginTitle":"Login","registerTitle":"Register","username":"User Name","password":"Password","formBtnText":"Login","registerBtnText":"Register"},"level":"info","message":"Data..........................."}
{"level":"info","message":"userService"}
{"message":"userServiceSearching for a user based on id:neehu","level":"info"}
{"level":"info","message":"SequelizeUtil"}
{"level":"info","message":"userModel"}
{"level":"info","message":"----------------------"}
{"data":{"loginTitle":"Login","registerTitle":"Register","username":"User Name","password":"Password","formBtnText":"Login","registerBtnText":"Register"},"level":"info","message":"Data..........................."}
{"level":"info","message":"userService"}
{"message":"userServiceSearching for a user based on id:ertert","level":"info"}
{"level":"info","message":"SequelizeUtil"}
{"level":"info","message":"userModel"}
{"level":"info","message":"----------------------"}
{"data":{"loginTitle":"Login","registerTitle":"Register","username":"User Name","password":"Password","formBtnText":"Login","registerBtnText":"Register"},"level":"info","message":"Data..........................."}
{"level":"info","message":"----------------------"}
{"data":{"loginTitle":"Login","registerTitle":"Register","username":"User Name","password":"Password","formBtnText":"Login","registerBtnText":"Register"},"level":"info","message":"Data..........................."}
{"level":"info","message":"userService"}
{"message":"userServiceSearching for a user based on id:wrer","level":"info"}
{"level":"info","message":"SequelizeUtil"}
{"level":"info","message":"userModel"}
{"level":"info","message":"----------------------"}
{"data":{"loginTitle":"Login","registerTitle":"Register","username":"User Name","password":"Password","formBtnText":"Login","registerBtnText":"Register"},"level":"info","message":"Data..........................."}
{"level":"info","message":"----------------------"}
{"data":{"loginTitle":"Login","registerTitle":"Register","username":"User Name","password":"Password","formBtnText":"Login","registerBtnText":"Register"},"level":"info","message":"Data..........................."}
{"level":"info","message":"----------------------"}
{"data":{"loginTitle":"Login","registerTitle":"Register","username":"User Name","password":"Password","formBtnText":"Login","registerBtnText":"Register"},"level":"info","message":"Data..........................."}
{"level":"info","message":"----------------------"}
{"data":{"loginTitle":"Login","registerTitle":"Register","username":"User Name","password":"Password","formBtnText":"Login","registerBtnText":"Register"},"level":"info","message":"Data..........................."}
{"level":"info","message":"----------------------"}
{"data":{"loginTitle":"Login","registerTitle":"Register","username":"User Name","password":"Password","formBtnText":"Login","registerBtnText":"Register"},"level":"info","message":"Data..........................."}
{"level":"info","message":"----------------------"}
{"data":{"loginTitle":"Login","registerTitle":"Register","username":"User Name","password":"Password","formBtnText":"Login","registerBtnText":"Register"},"level":"info","message":"Data..........................."}
{"level":"info","message":"----------------------"}
{"data":{"loginTitle":"Login","registerTitle":"Register","username":"User Name","password":"Password","formBtnText":"Login","registerBtnText":"Register"},"level":"info","message":"Data..........................."}
{"level":"info","message":"----------------------"}
{"data":{"loginTitle":"Login","registerTitle":"Register","username":"User Name","password":"Password","formBtnText":"Login","registerBtnText":"Register"},"level":"info","message":"Data..........................."}
{"level":"info","message":"----------------------"}
{"data":{"loginTitle":"Login","registerTitle":"Register","username":"User Name","password":"Password","formBtnText":"Login","registerBtnText":"Register"},"level":"info","message":"Data..........................."}
{"level":"info","message":"----------------------"}
{"data":{"loginTitle":"Login","registerTitle":"Register","username":"User Name","password":"Password","formBtnText":"Login","registerBtnText":"Register"},"level":"info","message":"Data..........................."}
{"level":"info","message":"----------------------"}
{"data":{"loginTitle":"Login","registerTitle":"Register","username":"User Name","password":"Password","formBtnText":"Login","registerBtnText":"Register"},"level":"info","message":"Data..........................."}
{"level":"info","message":"----------------------"}
{"data":{"loginTitle":"Login","registerTitle":"Register","username":"User Name","password":"Password","formBtnText":"Login","registerBtnText":"Register"},"level":"info","message":"Data..........................."}
{"level":"info","message":"----------------------"}
{"data":{"loginTitle":"Login","registerTitle":"Register","username":"User Name","password":"Password","formBtnText":"Login","registerBtnText":"Register"},"level":"info","message":"Data..........................."}
{"level":"info","message":"----------------------"}
{"data":{"loginTitle":"Login","registerTitle":"Register","username":"User Name","password":"Password","formBtnText":"Login","registerBtnText":"Register"},"level":"info","message":"Data..........................."}
{"level":"info","message":"----------------------"}
{"data":{"loginTitle":"Login","registerTitle":"Register","username":"User Name","password":"Password","formBtnText":"Login","registerBtnText":"Register"},"level":"info","message":"Data..........................."}
{"level":"info","message":"----------------------"}
{"data":{"loginTitle":"Login","registerTitle":"Register","username":"User Name","password":"Password","formBtnText":"Login","registerBtnText":"Register"},"level":"info","message":"Data..........................."}
{"level":"info","message":"----------------------"}
{"data":{"loginTitle":"Login","registerTitle":"Register","username":"User Name","password":"Password","formBtnText":"Login","registerBtnText":"Register"},"level":"info","message":"Data..........................."}
{"level":"info","message":"----------------------"}
{"data":{"loginTitle":"Login","registerTitle":"Register","username":"User Name","password":"Password","formBtnText":"Login","registerBtnText":"Register"},"level":"info","message":"Data..........................."}
{"level":"info","message":"----------------------"}
{"data":{"loginTitle":"Login","registerTitle":"Register","username":"User Name","password":"Password","formBtnText":"Login","registerBtnText":"Register"},"level":"info","message":"Data..........................."}
{"level":"info","message":"----------------------"}
{"data":{"loginTitle":"Login","registerTitle":"Register","username":"User Name","password":"Password","formBtnText":"Login","registerBtnText":"Register"},"level":"info","message":"Data..........................."}
{"level":"info","message":"----------------------"}
{"data":{"loginTitle":"Login","registerTitle":"Register","username":"User Name","password":"Password","formBtnText":"Login","registerBtnText":"Register"},"level":"info","message":"Data..........................."}
{"level":"info","message":"----------------------"}
{"data":{"loginTitle":"Login","registerTitle":"Register","username":"User Name","password":"Password","formBtnText":"Login","registerBtnText":"Register"},"level":"info","message":"Data..........................."}
{"level":"info","message":"----------------------"}
{"data":{"loginTitle":"Login","registerTitle":"Register","username":"User Name","password":"Password","formBtnText":"Login","registerBtnText":"Register"},"level":"info","message":"Data..........................."}
{"level":"info","message":"----------------------"}
{"data":{"loginTitle":"Login","registerTitle":"Register","username":"User Name","password":"Password","formBtnText":"Login","registerBtnText":"Register"},"level":"info","message":"Data..........................."}
{"level":"info","message":"----------------------"}
{"data":{"loginTitle":"Login","registerTitle":"Register","username":"User Name","password":"Password","formBtnText":"Login","registerBtnText":"Register"},"level":"info","message":"Data..........................."}
{"level":"info","message":"userService"}
{"message":"userServiceSearching for a user based on id:dfsf","level":"info"}
{"level":"info","message":"SequelizeUtil"}
{"level":"info","message":"userModel"}
{"level":"info","message":"userService"}
{"message":"userServiceSearching for a user based on id:dfsf","level":"info"}
{"level":"info","message":"SequelizeUtil"}
{"level":"info","message":"userModel"}
{"message":"Now listening at 3000","level":"info"}
{"level":"info","message":"userService"}
{"message":"userServiceSearching for a user based on id:dfsf","level":"info"}
{"level":"info","message":"SequelizeUtil"}
{"level":"info","message":"userModel"}
{"message":"------------------","level":"info"}
{"level":"info","message":"----------------------"}
{"data":{"loginTitle":"Login","registerTitle":"Register","username":"User Name","password":"Password","formBtnText":"Login","registerBtnText":"Register"},"level":"info","message":"Data..........................."}
{"level":"info","message":"----------------------"}
{"data":{"loginTitle":"Login","registerTitle":"Register","username":"User Name","password":"Password","formBtnText":"Login","registerBtnText":"Register"},"level":"info","message":"Data..........................."}
{"level":"info","message":"userService"}
{"message":"userServiceSearching for a user based on id:qwe","level":"info"}
{"level":"info","message":"SequelizeUtil"}
{"level":"info","message":"userModel"}
{"message":"------------------","level":"info"}
{"message":"Now listening at 3000","level":"info"}
{"level":"info","message":"----------------------"}
{"data":{"loginTitle":"Login","registerTitle":"Register","username":"User Name","password":"Password","formBtnText":"Login","registerBtnText":"Register"},"level":"info","message":"Data..........................."}
{"level":"info","message":"userService"}
{"message":"userServiceSearching for a user based on id:werwer","level":"info"}
{"level":"info","message":"SequelizeUtil"}
{"level":"info","message":"userModel"}
{"level":"info","message":"----------------------"}
{"data":{"loginTitle":"Login","registerTitle":"Register","username":"User Name","password":"Password","formBtnText":"Login","registerBtnText":"Register"},"level":"info","message":"Data..........................."}
{"level":"info","message":"----------------------"}
{"data":{"loginTitle":"Login","registerTitle":"Register","username":"User Name","password":"Password","formBtnText":"Login","registerBtnText":"Register"},"level":"info","message":"Data..........................."}
{"message":"Now listening at 3000","level":"info"}
{"level":"info","message":"userService"}
{"message":"userServiceSearching for a user based on id:wqe","level":"info"}
{"level":"info","message":"SequelizeUtil"}
{"level":"info","message":"userModel"}
{"level":"error"}
{"message":"Now listening at 3000","level":"info"}
{"level":"info","message":"userService"}
{"message":"userServiceSearching for a user based on id:ewrwer","level":"info"}
{"level":"info","message":"SequelizeUtil"}
{"level":"info","message":"userModel"}
{"message":"*************","level":"info"}
{"level":"info","message":"userService"}
{"message":"userServiceSearching for a user based on id:wqeqwe","level":"info"}
{"level":"info","message":"SequelizeUtil"}
{"level":"info","message":"userModel"}
{"message":"*************","level":"info"}
{"level":"info","message":"userService"}
{"message":"userServiceSearching for a user based on id:asd","level":"info"}
{"level":"info","message":"SequelizeUtil"}
{"level":"info","message":"userModel"}
{"message":"*************","level":"info"}
{"level":"info","message":"userService"}
{"message":"userServiceSearching for a user based on id:ertr","level":"info"}
{"level":"info","message":"SequelizeUtil"}
{"level":"info","message":"userModel"}
{"message":"*************","level":"info"}
{"level":"info","message":"userService"}
{"message":"userServiceSearching for a user based on id:qewe","level":"info"}
{"level":"info","message":"SequelizeUtil"}
{"level":"info","message":"userModel"}
{"message":"*************","level":"info"}
{"level":"info","message":"userService"}
{"message":"userServiceSearching for a user based on id:qewe","level":"info"}
{"level":"info","message":"SequelizeUtil"}
{"level":"info","message":"userModel"}
{"message":"*************","level":"info"}
{"level":"info","message":"userService"}
{"message":"userServiceSearching for a user based on id:qwewe","level":"info"}
{"level":"info","message":"SequelizeUtil"}
{"level":"info","message":"userModel"}
{"message":"*************","level":"info"}
{"level":"info","message":"userService"}
{"message":"userServiceSearching for a user based on id:were","level":"info"}
{"level":"info","message":"SequelizeUtil"}
{"level":"info","message":"userModel"}
{"message":"*************","level":"info"}
{"level":"info","message":"userService"}
{"message":"userServiceSearching for a user based on id:qeqwe","level":"info"}
{"level":"info","message":"SequelizeUtil"}
{"level":"info","message":"userModel"}
{"message":"*************","level":"info"}
{"level":"info","message":"userService"}
{"message":"userServiceSearching for a user based on id:neehu","level":"info"}
{"level":"info","message":"SequelizeUtil"}
{"level":"info","message":"userModel"}
{"message":"Now listening at 3000","level":"info"}
{"level":"info","message":"userService"}
{"message":"userServiceSearching for a user based on id:undefined","level":"info"}
{"level":"info","message":"SequelizeUtil"}
{"level":"info","message":"userModel"}
{"level":"info","message":"userService"}
{"message":"userServiceSearching for a user based on id:undefined","level":"info"}
{"level":"info","message":"SequelizeUtil"}
{"level":"info","message":"userModel"}
{"level":"info","message":"userService"}
{"message":"userServiceSearching for a user based on id:undefined","level":"info"}
{"level":"info","message":"SequelizeUtil"}
{"level":"info","message":"userModel"}
{"level":"info","message":"userService"}
{"message":"userServiceSearching for a user based on id:undefined","level":"info"}
{"level":"info","message":"SequelizeUtil"}
{"level":"info","message":"userModel"}
{"level":"info","message":"userService"}
{"message":"userServiceSearching for a user based on id:undefined","level":"info"}
{"level":"info","message":"SequelizeUtil"}
{"level":"info","message":"userModel"}
{"level":"info","message":"userService"}
{"message":"userServiceSearching for a user based on id:undefined","level":"info"}
{"level":"info","message":"SequelizeUtil"}
{"level":"info","message":"userModel"}
{"level":"info","message":"userService"}
{"message":"userServiceSearching for a user based on id:undefined","level":"info"}
{"level":"info","message":"SequelizeUtil"}
{"level":"info","message":"userModel"}
{"level":"info","message":"userService"}
{"message":"userServiceSearching for a user based on id:undefined","level":"info"}
{"level":"info","message":"SequelizeUtil"}
{"level":"info","message":"userModel"}
{"level":"info","message":"userService"}
{"message":"userServiceSearching for a user based on id:undefined","level":"info"}
{"level":"info","message":"SequelizeUtil"}
{"level":"info","message":"userModel"}
{"level":"info","message":"userService"}
{"message":"userServiceSearching for a user based on id:undefined","level":"info"}
{"level":"info","message":"SequelizeUtil"}
{"level":"info","message":"userModel"}
{"level":"info","message":"userService"}
{"message":"userServiceSearching for a user based on id:padmaja","level":"info"}
{"level":"info","message":"SequelizeUtil"}
{"level":"info","message":"userService"}
{"message":"userServiceSearching for a user based on id:padmaja","level":"info"}
{"level":"info","message":"SequelizeUtil"}
{"level":"info","message":"userModel"}
{"level":"info","message":"userService"}
{"message":"userServiceSearching for a user based on id:undefined","level":"info"}
{"level":"info","message":"SequelizeUtil"}
{"level":"info","message":"userModel"}
{"level":"info","message":"userService"}
{"message":"userServiceSearching for a user based on id:padmaja","level":"info"}
{"level":"info","message":"SequelizeUtil"}
{"level":"info","message":"userModel"}
{"level":"info","message":"userService"}
{"message":"userServiceSearching for a user based on id:padmaja","level":"info"}
{"level":"info","message":"SequelizeUtil"}
{"level":"info","message":"userModel"}
{"message":"Now listening at 3000","level":"info"}
{"level":"info","message":"userService"}
{"message":"userServiceSearching for a user based on id:sudheer","level":"info"}
{"level":"info","message":"SequelizeUtil"}
{"message":"Now listening at 3000","level":"info"}
{"level":"info","message":"userService"}
{"message":"userServiceSearching for a user based on id:sudheer","level":"info"}
{"level":"info","message":"SequelizeUtil"}
{"level":"info","message":"userModel"}
{"level":"info","message":"userService"}
{"message":"userServiceSearching for a user based on id:padmaja","level":"info"}
{"level":"info","message":"SequelizeUtil"}
{"level":"info","message":"userModel"}
{"level":"info","message":"userService"}
{"message":"userServiceSearching for a user based on id:padmaja","level":"info"}
{"level":"info","message":"SequelizeUtil"}
{"level":"info","message":"userModel"}
{"message":"Now listening at 3000","level":"info"}
{"level":"info","message":"userService"}
{"message":"userServiceSearching for a user based on id:padmaja","level":"info"}
{"level":"info","message":"SequelizeUtil"}
{"message":"Now listening at 3000","level":"info"}
{"level":"info","message":"userService"}
{"message":"userServiceSearching for a user based on id:padmaja","level":"info"}
{"message":"324234234234","level":"info"}
{"level":"info","message":"SequelizeUtil"}
{"level":"info","message":"userModel"}
{"message":"Now listening at 3000","level":"info"}
{"level":"info","message":"userService"}
{"message":"userServiceSearching for a user based on id:padmaja","level":"info"}
{"level":"info","message":"324234234234"}
{"level":"info","message":"SequelizeUtil"}
{"level":"info","message":"userModel"}
{"message":"Now listening at 3000","level":"info"}
{"level":"info","message":"userService"}
{"message":"userServiceSearching for a user based on id:padmaja","level":"info"}
{"message":"324234234234class extends Model {}","level":"info"}
{"level":"info","message":"SequelizeUtil"}
{"level":"info","message":"userModel"}
{"level":"info","message":"userService"}
{"message":"userServiceSearching for a user based on id:qwewe","level":"info"}
{"message":"324234234234class extends Model {}","level":"info"}
{"level":"info","message":"SequelizeUtil"}
{"level":"info","message":"userModel"}
{"message":"Now listening at 3000","level":"info"}
{"level":"info","message":"userService"}
{"message":"userServiceSearching for a user based on id:padmaja","level":"info"}
{"message":"324234234234class extends Model {}","level":"info"}
{"level":"info","message":"SequelizeUtil"}
{"message":"User DATA[{\"id\":68,\"username\":\"padmaja\",\"password\":\"123456\",\"createdAt\":\"12:07:33.472779+00\",\"updatedAt\":\"12:07:33.472779+00\"}]","level":"info"}
{"level":"info","message":"userService"}
{"message":"userServiceSearching for a user based on id:padmajarwewr","level":"info"}
{"message":"324234234234class extends Model {}","level":"info"}
{"level":"info","message":"SequelizeUtil"}
{"message":"User DATA[]","level":"info"}
{"level":"info","message":"userService"}
{"message":"userServiceSearching for a user based on id:padmajarwewr","level":"info"}
{"message":"324234234234class extends Model {}","level":"info"}
{"level":"info","message":"SequelizeUtil"}
{"message":"User DATA[]","level":"info"}
{"message":"Now listening at 3000","level":"info"}
{"level":"info","message":"userService"}
{"message":"userServiceSearching for a user based on id:w4324","level":"info"}
{"level":"info","message":"SequelizeUtil"}
{"message":"User DATA[]","level":"info"}
{"message":"Now listening at 3000","level":"info"}
{"level":"info","message":"userService"}
{"message":"userServiceSearching for a user based on id:w4324","level":"info"}
{"level":"info","message":"SequelizeUtil"}
{"message":"User DATA[]","level":"info"}
{"message":"Now listening at 3000","level":"info"}
{"level":"info","message":"userService"}
{"message":"userServiceSearching for a user based on id:w4324","level":"info"}
{"level":"info","message":"SequelizeUtil"}
{"message":"User DATA[]","level":"info"}
{"message":"Now listening at 3000","level":"info"}
{"level":"info","message":"userService"}
{"message":"userServiceSearching for a user based on id:w4324","level":"info"}
{"level":"info","message":"SequelizeUtil"}
{"message":"User DATA[]","level":"info"}
{"message":"Now listening at 3000","level":"info"}
{"level":"info","message":"userService"}
{"message":"userServiceSearching for a user based on id:w4324","level":"info"}
{"message":"Sequelize query.............Executing (default): SELECT \"id\", \"username\", \"password\", \"creat_ts\" AS \"createdAt\", \"lst_updt_ts\" AS \"updatedAt\" FROM \"db\".\"login\" AS \"login\" WHERE \"login\".\"username\" = 'w4324';","level":"info"}
{"message":"User DATA[]","level":"info"}
{"message":"Now listening at 3000","level":"info"}
{"message":"Now listening at 3000","level":"info"}
{"level":"info","message":"userService"}
{"message":"userServiceSearching for a user based on id:n","level":"info"}
{"message":"Sequelize queryExecuting (default): SELECT \"id\", \"username\", \"password\", \"creat_ts\" AS \"createdAt\", \"lst_updt_ts\" AS \"updatedAt\" FROM \"db\".\"login\" AS \"login\" WHERE \"login\".\"username\" = 'n';","level":"info"}
{"message":"User DATA[]","level":"info"}
{"level":"info","message":"userService"}
{"message":"userServiceSearching for a user based on id:pser","level":"info"}
{"message":"Sequelize queryExecuting (default): SELECT \"id\", \"username\", \"password\", \"creat_ts\" AS \"createdAt\", \"lst_updt_ts\" AS \"updatedAt\" FROM \"db\".\"login\" AS \"login\" WHERE \"login\".\"username\" = 'pser';","level":"info"}
{"message":"User DATA[]","level":"info"}
{"level":"info","message":"userService"}
{"message":"userServiceSearching for a user based on id:true","level":"info"}
{"message":"Sequelize queryExecuting (default): SELECT \"id\", \"username\", \"password\", \"creat_ts\" AS \"createdAt\", \"lst_updt_ts\" AS \"updatedAt\" FROM \"db\".\"login\" AS \"login\" WHERE \"login\".\"username\" = true;","level":"info"}
{"level":"info","message":"userService"}
{"message":"userServiceSearching for a user based on id:true","level":"info"}
{"message":"Sequelize queryExecuting (default): SELECT \"id\", \"username\", \"password\", \"creat_ts\" AS \"createdAt\", \"lst_updt_ts\" AS \"updatedAt\" FROM \"db\".\"login\" AS \"login\" WHERE \"login\".\"username\" = true;","level":"info"}
{"level":"info","message":"userService"}
{"message":"userServiceSearching for a user based on id:true","level":"info"}
{"message":"Sequelize queryExecuting (default): SELECT \"id\", \"username\", \"password\", \"creat_ts\" AS \"createdAt\", \"lst_updt_ts\" AS \"updatedAt\" FROM \"db\".\"login\" AS \"login\" WHERE \"login\".\"username\" = true;","level":"info"}
{"level":"info","message":"userService"}
{"message":"userServiceSearching for a user based on id:true","level":"info"}
{"message":"Sequelize queryExecuting (default): SELECT \"id\", \"username\", \"password\", \"creat_ts\" AS \"createdAt\", \"lst_updt_ts\" AS \"updatedAt\" FROM \"db\".\"login\" AS \"login\" WHERE \"login\".\"username\" = true;","level":"info"}
{"level":"info","message":"userService"}
{"message":"userServiceSearching for a user based on id:true","level":"info"}
{"message":"Sequelize queryExecuting (default): SELECT \"id\", \"username\", \"password\", \"creat_ts\" AS \"createdAt\", \"lst_updt_ts\" AS \"updatedAt\" FROM \"db\".\"login\" AS \"login\" WHERE \"login\".\"username\" = true;","level":"info"}
{"level":"info","message":"userService"}
{"message":"userServiceSearching for a user based on id:true","level":"info"}
{"message":"Sequelize queryExecuting (default): SELECT \"id\", \"username\", \"password\", \"creat_ts\" AS \"createdAt\", \"lst_updt_ts\" AS \"updatedAt\" FROM \"db\".\"login\" AS \"login\" WHERE \"login\".\"username\" = true;","level":"info"}
{"level":"info","message":"userService"}
{"message":"userServiceSearching for a user based on id:true","level":"info"}
{"message":"Sequelize queryExecuting (default): SELECT \"id\", \"username\", \"password\", \"creat_ts\" AS \"createdAt\", \"lst_updt_ts\" AS \"updatedAt\" FROM \"db\".\"login\" AS \"login\" WHERE \"login\".\"username\" = true;","level":"info"}
{"message":"Now listening at 3000","level":"info"}
{"level":"info","message":"userService"}
{"message":"userServiceSearching for a user based on id:true","level":"info"}
{"message":"Sequelize queryExecuting (default): SELECT \"id\", \"firstName\" AS \"firstname\", \"lastName\" AS \"lastname\", \"username\", \"password\", \"creat_ts\" AS \"createdAt\", \"lst_updt_ts\" AS \"updatedAt\" FROM \"db\".\"users\" AS \"users\" WHERE \"users\".\"username\" = true;","level":"info"}
{"level":"info","message":"userService"}
{"message":"userServiceSearching for a user based on id:true","level":"info"}
{"message":"Sequelize queryExecuting (default): SELECT \"id\", \"firstName\" AS \"firstname\", \"lastName\" AS \"lastname\", \"username\", \"password\", \"creat_ts\" AS \"createdAt\", \"lst_updt_ts\" AS \"updatedAt\" FROM \"db\".\"users\" AS \"users\" WHERE \"users\".\"username\" = true;","level":"info"}
{"level":"info","message":"userService"}
{"message":"userServiceSearching for a user based on id:","level":"info"}
{"message":"Sequelize queryExecuting (default): SELECT \"id\", \"firstName\" AS \"firstname\", \"lastName\" AS \"lastname\", \"username\", \"password\", \"creat_ts\" AS \"createdAt\", \"lst_updt_ts\" AS \"updatedAt\" FROM \"db\".\"users\" AS \"users\" WHERE \"users\".\"username\" = '';","level":"info"}
{"level":"info","message":"userService"}
{"message":"userServiceSearching for a user based on id:","level":"info"}
{"message":"Sequelize queryExecuting (default): SELECT \"id\", \"firstName\" AS \"firstname\", \"lastName\" AS \"lastname\", \"username\", \"password\", \"creat_ts\" AS \"createdAt\", \"lst_updt_ts\" AS \"updatedAt\" FROM \"db\".\"users\" AS \"users\" WHERE \"users\".\"username\" = '';","level":"info"}
{"level":"info","message":"userService"}
{"message":"userServiceSearching for a user based on id:","level":"info"}
{"message":"Sequelize queryExecuting (default): SELECT \"id\", \"firstName\" AS \"firstname\", \"lastName\" AS \"lastname\", \"username\", \"password\", \"creat_ts\" AS \"createdAt\", \"lst_updt_ts\" AS \"updatedAt\" FROM \"db\".\"users\" AS \"users\" WHERE \"users\".\"username\" = '';","level":"info"}
{"level":"info","message":"userService"}
{"message":"Sequelize queryExecuting (default): INSERT INTO \"db\".\"users\" (\"id\",\"firstName\",\"lastName\",\"username\",\"password\",\"creat_ts\",\"lst_updt_ts\") VALUES (DEFAULT,'dsfdsf','sdfdfsf','','',NOW(),NOW()) RETURNING *;","level":"info"}
{"level":"info","message":"userService"}
{"message":"userServiceSearching for a user based on id:","level":"info"}
{"message":"Sequelize queryExecuting (default): SELECT \"id\", \"firstName\" AS \"firstname\", \"lastName\" AS \"lastname\", \"username\", \"password\", \"creat_ts\" AS \"createdAt\", \"lst_updt_ts\" AS \"updatedAt\" FROM \"db\".\"users\" AS \"users\" WHERE \"users\".\"username\" = '';","level":"info"}
{"level":"info","message":"userService"}
{"message":"userServiceSearching for a user based on id:","level":"info"}
{"message":"Sequelize queryExecuting (default): SELECT \"id\", \"firstName\" AS \"firstname\", \"lastName\" AS \"lastname\", \"username\", \"password\", \"creat_ts\" AS \"createdAt\", \"lst_updt_ts\" AS \"updatedAt\" FROM \"db\".\"users\" AS \"users\" WHERE \"users\".\"username\" = '';","level":"info"}
{"level":"info","message":"userService"}
{"message":"userServiceSearching for a user based on id:werewr","level":"info"}
{"message":"Sequelize queryExecuting (default): SELECT \"id\", \"firstName\" AS \"firstname\", \"lastName\" AS \"lastname\", \"username\", \"password\", \"creat_ts\" AS \"createdAt\", \"lst_updt_ts\" AS \"updatedAt\" FROM \"db\".\"users\" AS \"users\" WHERE \"users\".\"username\" = 'werewr';","level":"info"}
{"level":"info","message":"userService"}
{"message":"Sequelize queryExecuting (default): INSERT INTO \"db\".\"users\" (\"id\",\"firstName\",\"lastName\",\"username\",\"password\",\"creat_ts\",\"lst_updt_ts\") VALUES (DEFAULT,'dsewrewr','werwer','werewr','ewrwer',NOW(),NOW()) RETURNING *;","level":"info"}
{"level":"info","message":"userService"}
{"message":"userServiceSearching for a user based on id:sudheer","level":"info"}
{"message":"Sequelize queryExecuting (default): SELECT \"id\", \"firstName\" AS \"firstname\", \"lastName\" AS \"lastname\", \"username\", \"password\", \"creat_ts\" AS \"createdAt\", \"lst_updt_ts\" AS \"updatedAt\" FROM \"db\".\"users\" AS \"users\" WHERE \"users\".\"username\" = 'sudheer';","level":"info"}
{"level":"info","message":"userService"}
{"message":"Sequelize queryExecuting (default): INSERT INTO \"db\".\"users\" (\"id\",\"firstName\",\"lastName\",\"username\",\"password\",\"creat_ts\",\"lst_updt_ts\") VALUES (DEFAULT,'sudheer','kanchumarthi','sudheer','sudheer',NOW(),NOW()) RETURNING *;","level":"info"}
{"level":"info","message":"userService"}
{"message":"userServiceSearching for a user based on id:sudheer","level":"info"}
{"message":"Sequelize queryExecuting (default): SELECT \"id\", \"firstName\" AS \"firstname\", \"lastName\" AS \"lastname\", \"username\", \"password\", \"creat_ts\" AS \"createdAt\", \"lst_updt_ts\" AS \"updatedAt\" FROM \"db\".\"users\" AS \"users\" WHERE \"users\".\"username\" = 'sudheer';","level":"info"}
{"message":"Now listening at 3000","level":"info"}
{"level":"info","message":"userService"}
{"message":"userServiceSearching for a user based on id:sudheer","level":"info"}
{"message":"Sequelize queryExecuting (default): SELECT \"id\", \"firstName\" AS \"firstname\", \"lastName\" AS \"lastname\", \"username\", \"password\", \"creat_ts\" AS \"createdAt\", \"lst_updt_ts\" AS \"updatedAt\" FROM \"db\".\"users\" AS \"users\" WHERE \"users\".\"username\" = 'sudheer';","level":"info"}
{"level":"info","message":"userService"}
{"message":"userServiceSearching for a user based on id:sudheer","level":"info"}
{"message":"Sequelize queryExecuting (default): SELECT \"id\", \"firstName\" AS \"firstname\", \"lastName\" AS \"lastname\", \"username\", \"password\", \"creat_ts\" AS \"createdAt\", \"lst_updt_ts\" AS \"updatedAt\" FROM \"db\".\"users\" AS \"users\" WHERE \"users\".\"username\" = 'sudheer';","level":"info"}
{"level":"info","message":"userService"}
{"message":"userServiceSearching for a user based on id:sudheer","level":"info"}
{"message":"Sequelize queryExecuting (default): SELECT \"id\", \"firstName\" AS \"firstname\", \"lastName\" AS \"lastname\", \"username\", \"password\", \"creat_ts\" AS \"createdAt\", \"lst_updt_ts\" AS \"updatedAt\" FROM \"db\".\"users\" AS \"users\" WHERE \"users\".\"username\" = 'sudheer';","level":"info"}
{"level":"info","message":"userService"}
{"message":"Sequelize queryExecuting (default): SELECT \"id\", \"firstName\" AS \"firstname\", \"lastName\" AS \"lastname\", \"username\", \"password\", \"creat_ts\" AS \"createdAt\", \"lst_updt_ts\" AS \"updatedAt\" FROM \"db\".\"users\" AS \"users\";","level":"info"}
{"level":"info","message":"userModel"}
{"level":"info","message":"userService"}
{"message":"userServiceSearching for a user based on id:","level":"info"}
{"message":"Sequelize queryExecuting (default): SELECT \"id\", \"firstName\" AS \"firstname\", \"lastName\" AS \"lastname\", \"username\", \"password\", \"creat_ts\" AS \"createdAt\", \"lst_updt_ts\" AS \"updatedAt\" FROM \"db\".\"users\" AS \"users\" WHERE \"users\".\"username\" = '';","level":"info"}
{"level":"info","message":"userService"}
{"message":"userServiceSearching for a user based on id:","level":"info"}
{"message":"Sequelize queryExecuting (default): SELECT \"id\", \"firstName\" AS \"firstname\", \"lastName\" AS \"lastname\", \"username\", \"password\", \"creat_ts\" AS \"createdAt\", \"lst_updt_ts\" AS \"updatedAt\" FROM \"db\".\"users\" AS \"users\" WHERE \"users\".\"username\" = '';","level":"info"}
{"level":"info","message":"userService"}
{"message":"userServiceSearching for a user based on id:","level":"info"}
{"message":"Sequelize queryExecuting (default): SELECT \"id\", \"firstName\" AS \"firstname\", \"lastName\" AS \"lastname\", \"username\", \"password\", \"creat_ts\" AS \"createdAt\", \"lst_updt_ts\" AS \"updatedAt\" FROM \"db\".\"users\" AS \"users\" WHERE \"users\".\"username\" = '';","level":"info"}
{"level":"info","message":"userService"}
{"message":"userServiceSearching for a user based on id:","level":"info"}
{"message":"Sequelize queryExecuting (default): SELECT \"id\", \"firstName\" AS \"firstname\", \"lastName\" AS \"lastname\", \"username\", \"password\", \"creat_ts\" AS \"createdAt\", \"lst_updt_ts\" AS \"updatedAt\" FROM \"db\".\"users\" AS \"users\" WHERE \"users\".\"username\" = '';","level":"info"}
{"level":"info","message":"userService"}
{"message":"userServiceSearching for a user based on id:","level":"info"}
{"message":"Sequelize queryExecuting (default): SELECT \"id\", \"firstName\" AS \"firstname\", \"lastName\" AS \"lastname\", \"username\", \"password\", \"creat_ts\" AS \"createdAt\", \"lst_updt_ts\" AS \"updatedAt\" FROM \"db\".\"users\" AS \"users\" WHERE \"users\".\"username\" = '';","level":"info"}
{"level":"info","message":"userService"}
{"message":"userServiceSearching for a user based on id:","level":"info"}
{"message":"Sequelize queryExecuting (default): SELECT \"id\", \"firstName\" AS \"firstname\", \"lastName\" AS \"lastname\", \"username\", \"password\", \"creat_ts\" AS \"createdAt\", \"lst_updt_ts\" AS \"updatedAt\" FROM \"db\".\"users\" AS \"users\" WHERE \"users\".\"username\" = '';","level":"info"}
{"level":"info","message":"userService"}
{"message":"userServiceSearching for a user based on id:","level":"info"}
{"message":"Sequelize queryExecuting (default): SELECT \"id\", \"firstName\" AS \"firstname\", \"lastName\" AS \"lastname\", \"username\", \"password\", \"creat_ts\" AS \"createdAt\", \"lst_updt_ts\" AS \"updatedAt\" FROM \"db\".\"users\" AS \"users\" WHERE \"users\".\"username\" = '';","level":"info"}
{"level":"info","message":"userService"}
{"message":"userServiceSearching for a user based on id:","level":"info"}
{"message":"Sequelize queryExecuting (default): SELECT \"id\", \"firstName\" AS \"firstname\", \"lastName\" AS \"lastname\", \"username\", \"password\", \"creat_ts\" AS \"createdAt\", \"lst_updt_ts\" AS \"updatedAt\" FROM \"db\".\"users\" AS \"users\" WHERE \"users\".\"username\" = '';","level":"info"}
{"level":"info","message":"userService"}
{"message":"userServiceSearching for a user based on id:","level":"info"}
{"message":"Sequelize queryExecuting (default): SELECT \"id\", \"firstName\" AS \"firstname\", \"lastName\" AS \"lastname\", \"username\", \"password\", \"creat_ts\" AS \"createdAt\", \"lst_updt_ts\" AS \"updatedAt\" FROM \"db\".\"users\" AS \"users\" WHERE \"users\".\"username\" = '';","level":"info"}
{"level":"info","message":"userService"}
{"message":"userServiceSearching for a user based on id:","level":"info"}
{"message":"Sequelize queryExecuting (default): SELECT \"id\", \"firstName\" AS \"firstname\", \"lastName\" AS \"lastname\", \"username\", \"password\", \"creat_ts\" AS \"createdAt\", \"lst_updt_ts\" AS \"updatedAt\" FROM \"db\".\"users\" AS \"users\" WHERE \"users\".\"username\" = '';","level":"info"}
{"level":"info","message":"userService"}
{"message":"userServiceSearching for a user based on id:","level":"info"}
{"message":"Sequelize queryExecuting (default): SELECT \"id\", \"firstName\" AS \"firstname\", \"lastName\" AS \"lastname\", \"username\", \"password\", \"creat_ts\" AS \"createdAt\", \"lst_updt_ts\" AS \"updatedAt\" FROM \"db\".\"users\" AS \"users\" WHERE \"users\".\"username\" = '';","level":"info"}
{"level":"info","message":"userService"}
{"message":"userServiceSearching for a user based on id:","level":"info"}
{"message":"Sequelize queryExecuting (default): SELECT \"id\", \"firstName\" AS \"firstname\", \"lastName\" AS \"lastname\", \"username\", \"password\", \"creat_ts\" AS \"createdAt\", \"lst_updt_ts\" AS \"updatedAt\" FROM \"db\".\"users\" AS \"users\" WHERE \"users\".\"username\" = '';","level":"info"}
{"level":"info","message":"userService"}
{"message":"userServiceSearching for a user based on id:","level":"info"}
{"message":"Sequelize queryExecuting (default): SELECT \"id\", \"firstName\" AS \"firstname\", \"lastName\" AS \"lastname\", \"username\", \"password\", \"creat_ts\" AS \"createdAt\", \"lst_updt_ts\" AS \"updatedAt\" FROM \"db\".\"users\" AS \"users\" WHERE \"users\".\"username\" = '';","level":"info"}
{"level":"info","message":"userService"}
{"message":"userServiceSearching for a user based on id:","level":"info"}
{"message":"Sequelize queryExecuting (default): SELECT \"id\", \"firstName\" AS \"firstname\", \"lastName\" AS \"lastname\", \"username\", \"password\", \"creat_ts\" AS \"createdAt\", \"lst_updt_ts\" AS \"updatedAt\" FROM \"db\".\"users\" AS \"users\" WHERE \"users\".\"username\" = '';","level":"info"}
{"level":"info","message":"userService"}
{"message":"userServiceSearching for a user based on id:","level":"info"}
{"message":"Sequelize queryExecuting (default): SELECT \"id\", \"firstName\" AS \"firstname\", \"lastName\" AS \"lastname\", \"username\", \"password\", \"creat_ts\" AS \"createdAt\", \"lst_updt_ts\" AS \"updatedAt\" FROM \"db\".\"users\" AS \"users\" WHERE \"users\".\"username\" = '';","level":"info"}
{"level":"info","message":"userService"}
{"message":"userServiceSearching for a user based on id:","level":"info"}
{"message":"Sequelize queryExecuting (default): SELECT \"id\", \"firstName\" AS \"firstname\", \"lastName\" AS \"lastname\", \"username\", \"password\", \"creat_ts\" AS \"createdAt\", \"lst_updt_ts\" AS \"updatedAt\" FROM \"db\".\"users\" AS \"users\" WHERE \"users\".\"username\" = '';","level":"info"}
{"level":"info","message":"userService"}
{"message":"userServiceSearching for a user based on id:","level":"info"}
{"message":"Sequelize queryExecuting (default): SELECT \"id\", \"firstName\" AS \"firstname\", \"lastName\" AS \"lastname\", \"username\", \"password\", \"creat_ts\" AS \"createdAt\", \"lst_updt_ts\" AS \"updatedAt\" FROM \"db\".\"users\" AS \"users\" WHERE \"users\".\"username\" = '';","level":"info"}
{"level":"info","message":"userService"}
{"message":"userServiceSearching for a user based on id:","level":"info"}
{"message":"Sequelize queryExecuting (default): SELECT \"id\", \"firstName\" AS \"firstname\", \"lastName\" AS \"lastname\", \"username\", \"password\", \"creat_ts\" AS \"createdAt\", \"lst_updt_ts\" AS \"updatedAt\" FROM \"db\".\"users\" AS \"users\" WHERE \"users\".\"username\" = '';","level":"info"}
{"level":"info","message":"userService"}
{"message":"userServiceSearching for a user based on id:","level":"info"}
{"message":"Sequelize queryExecuting (default): SELECT \"id\", \"firstName\" AS \"firstname\", \"lastName\" AS \"lastname\", \"username\", \"password\", \"creat_ts\" AS \"createdAt\", \"lst_updt_ts\" AS \"updatedAt\" FROM \"db\".\"users\" AS \"users\" WHERE \"users\".\"username\" = '';","level":"info"}
{"level":"info","message":"userService"}
{"message":"userServiceSearching for a user based on id:","level":"info"}
{"message":"Sequelize queryExecuting (default): SELECT \"id\", \"firstName\" AS \"firstname\", \"lastName\" AS \"lastname\", \"username\", \"password\", \"creat_ts\" AS \"createdAt\", \"lst_updt_ts\" AS \"updatedAt\" FROM \"db\".\"users\" AS \"users\" WHERE \"users\".\"username\" = '';","level":"info"}
{"level":"info","message":"userService"}
{"message":"userServiceSearching for a user based on id:","level":"info"}
{"message":"Sequelize queryExecuting (default): SELECT \"id\", \"firstName\" AS \"firstname\", \"lastName\" AS \"lastname\", \"username\", \"password\", \"creat_ts\" AS \"createdAt\", \"lst_updt_ts\" AS \"updatedAt\" FROM \"db\".\"users\" AS \"users\" WHERE \"users\".\"username\" = '';","level":"info"}
{"level":"info","message":"userService"}
{"message":"userServiceSearching for a user based on id:","level":"info"}
{"message":"Sequelize queryExecuting (default): SELECT \"id\", \"firstName\" AS \"firstname\", \"lastName\" AS \"lastname\", \"username\", \"password\", \"creat_ts\" AS \"createdAt\", \"lst_updt_ts\" AS \"updatedAt\" FROM \"db\".\"users\" AS \"users\" WHERE \"users\".\"username\" = '';","level":"info"}
{"level":"info","message":"userService"}
{"message":"userServiceSearching for a user based on id:","level":"info"}
{"message":"Sequelize queryExecuting (default): SELECT \"id\", \"firstName\" AS \"firstname\", \"lastName\" AS \"lastname\", \"username\", \"password\", \"creat_ts\" AS \"createdAt\", \"lst_updt_ts\" AS \"updatedAt\" FROM \"db\".\"users\" AS \"users\" WHERE \"users\".\"username\" = '';","level":"info"}
{"level":"info","message":"userService"}
{"message":"userServiceSearching for a user based on id:","level":"info"}
{"message":"Sequelize queryExecuting (default): SELECT \"id\", \"firstName\" AS \"firstname\", \"lastName\" AS \"lastname\", \"username\", \"password\", \"creat_ts\" AS \"createdAt\", \"lst_updt_ts\" AS \"updatedAt\" FROM \"db\".\"users\" AS \"users\" WHERE \"users\".\"username\" = '';","level":"info"}
{"level":"info","message":"userService"}
{"message":"userServiceSearching for a user based on id:","level":"info"}
{"message":"Sequelize queryExecuting (default): SELECT \"id\", \"firstName\" AS \"firstname\", \"lastName\" AS \"lastname\", \"username\", \"password\", \"creat_ts\" AS \"createdAt\", \"lst_updt_ts\" AS \"updatedAt\" FROM \"db\".\"users\" AS \"users\" WHERE \"users\".\"username\" = '';","level":"info"}
{"level":"info","message":"userService"}
{"message":"userServiceSearching for a user based on id:","level":"info"}
{"message":"Sequelize queryExecuting (default): SELECT \"id\", \"firstName\" AS \"firstname\", \"lastName\" AS \"lastname\", \"username\", \"password\", \"creat_ts\" AS \"createdAt\", \"lst_updt_ts\" AS \"updatedAt\" FROM \"db\".\"users\" AS \"users\" WHERE \"users\".\"username\" = '';","level":"info"}
{"level":"info","message":"userService"}
{"message":"userServiceSearching for a user based on id:","level":"info"}
{"message":"Sequelize queryExecuting (default): SELECT \"id\", \"firstName\" AS \"firstname\", \"lastName\" AS \"lastname\", \"username\", \"password\", \"creat_ts\" AS \"createdAt\", \"lst_updt_ts\" AS \"updatedAt\" FROM \"db\".\"users\" AS \"users\" WHERE \"users\".\"username\" = '';","level":"info"}
{"level":"info","message":"userService"}
{"message":"userServiceSearching for a user based on id:","level":"info"}
{"message":"Sequelize queryExecuting (default): SELECT \"id\", \"firstName\" AS \"firstname\", \"lastName\" AS \"lastname\", \"username\", \"password\", \"creat_ts\" AS \"createdAt\", \"lst_updt_ts\" AS \"updatedAt\" FROM \"db\".\"users\" AS \"users\" WHERE \"users\".\"username\" = '';","level":"info"}
{"level":"info","message":"userService"}
{"message":"userServiceSearching for a user based on id:","level":"info"}
{"message":"Sequelize queryExecuting (default): SELECT \"id\", \"firstName\" AS \"firstname\", \"lastName\" AS \"lastname\", \"username\", \"password\", \"creat_ts\" AS \"createdAt\", \"lst_updt_ts\" AS \"updatedAt\" FROM \"db\".\"users\" AS \"users\" WHERE \"users\".\"username\" = '';","level":"info"}
{"level":"info","message":"userService"}
{"message":"userServiceSearching for a user based on id:","level":"info"}
{"message":"Sequelize queryExecuting (default): SELECT \"id\", \"firstName\" AS \"firstname\", \"lastName\" AS \"lastname\", \"username\", \"password\", \"creat_ts\" AS \"createdAt\", \"lst_updt_ts\" AS \"updatedAt\" FROM \"db\".\"users\" AS \"users\" WHERE \"users\".\"username\" = '';","level":"info"}
{"level":"info","message":"userService"}
{"message":"userServiceSearching for a user based on id:","level":"info"}
{"message":"Sequelize queryExecuting (default): SELECT \"id\", \"firstName\" AS \"firstname\", \"lastName\" AS \"lastname\", \"username\", \"password\", \"creat_ts\" AS \"createdAt\", \"lst_updt_ts\" AS \"updatedAt\" FROM \"db\".\"users\" AS \"users\" WHERE \"users\".\"username\" = '';","level":"info"}
{"level":"info","message":"userService"}
{"message":"userServiceSearching for a user based on id:","level":"info"}
{"message":"Sequelize queryExecuting (default): SELECT \"id\", \"firstName\" AS \"firstname\", \"lastName\" AS \"lastname\", \"username\", \"password\", \"creat_ts\" AS \"createdAt\", \"lst_updt_ts\" AS \"updatedAt\" FROM \"db\".\"users\" AS \"users\" WHERE \"users\".\"username\" = '';","level":"info"}
{"level":"info","message":"userService"}
{"message":"userServiceSearching for a user based on id:","level":"info"}
{"message":"Sequelize queryExecuting (default): SELECT \"id\", \"firstName\" AS \"firstname\", \"lastName\" AS \"lastname\", \"username\", \"password\", \"creat_ts\" AS \"createdAt\", \"lst_updt_ts\" AS \"updatedAt\" FROM \"db\".\"users\" AS \"users\" WHERE \"users\".\"username\" = '';","level":"info"}
{"level":"info","message":"userService"}
{"message":"userServiceSearching for a user based on id:","level":"info"}
{"message":"Sequelize queryExecuting (default): SELECT \"id\", \"firstName\" AS \"firstname\", \"lastName\" AS \"lastname\", \"username\", \"password\", \"creat_ts\" AS \"createdAt\", \"lst_updt_ts\" AS \"updatedAt\" FROM \"db\".\"users\" AS \"users\" WHERE \"users\".\"username\" = '';","level":"info"}
{"level":"info","message":"userService"}
{"message":"userServiceSearching for a user based on id:","level":"info"}
{"message":"Sequelize queryExecuting (default): SELECT \"id\", \"firstName\" AS \"firstname\", \"lastName\" AS \"lastname\", \"username\", \"password\", \"creat_ts\" AS \"createdAt\", \"lst_updt_ts\" AS \"updatedAt\" FROM \"db\".\"users\" AS \"users\" WHERE \"users\".\"username\" = '';","level":"info"}
{"level":"info","message":"userService"}
{"message":"userServiceSearching for a user based on id:","level":"info"}
{"message":"Sequelize queryExecuting (default): SELECT \"id\", \"firstName\" AS \"firstname\", \"lastName\" AS \"lastname\", \"username\", \"password\", \"creat_ts\" AS \"createdAt\", \"lst_updt_ts\" AS \"updatedAt\" FROM \"db\".\"users\" AS \"users\" WHERE \"users\".\"username\" = '';","level":"info"}
{"level":"info","message":"userService"}
{"message":"userServiceSearching for a user based on id:","level":"info"}
{"message":"Sequelize queryExecuting (default): SELECT \"id\", \"firstName\" AS \"firstname\", \"lastName\" AS \"lastname\", \"username\", \"password\", \"creat_ts\" AS \"createdAt\", \"lst_updt_ts\" AS \"updatedAt\" FROM \"db\".\"users\" AS \"users\" WHERE \"users\".\"username\" = '';","level":"info"}
{"level":"info","message":"userService"}
{"message":"userServiceSearching for a user based on id:","level":"info"}
{"message":"Sequelize queryExecuting (default): SELECT \"id\", \"firstName\" AS \"firstname\", \"lastName\" AS \"lastname\", \"username\", \"password\", \"creat_ts\" AS \"createdAt\", \"lst_updt_ts\" AS \"updatedAt\" FROM \"db\".\"users\" AS \"users\" WHERE \"users\".\"username\" = '';","level":"info"}
{"level":"info","message":"userService"}
{"message":"userServiceSearching for a user based on id:","level":"info"}
{"message":"Sequelize queryExecuting (default): SELECT \"id\", \"firstName\" AS \"firstname\", \"lastName\" AS \"lastname\", \"username\", \"password\", \"creat_ts\" AS \"createdAt\", \"lst_updt_ts\" AS \"updatedAt\" FROM \"db\".\"users\" AS \"users\" WHERE \"users\".\"username\" = '';","level":"info"}
{"level":"info","message":"userService"}
{"message":"userServiceSearching for a user based on id:","level":"info"}
{"message":"Sequelize queryExecuting (default): SELECT \"id\", \"firstName\" AS \"firstname\", \"lastName\" AS \"lastname\", \"username\", \"password\", \"creat_ts\" AS \"createdAt\", \"lst_updt_ts\" AS \"updatedAt\" FROM \"db\".\"users\" AS \"users\" WHERE \"users\".\"username\" = '';","level":"info"}
{"level":"info","message":"userService"}
{"message":"userServiceSearching for a user based on id:","level":"info"}
{"message":"Sequelize queryExecuting (default): SELECT \"id\", \"firstName\" AS \"firstname\", \"lastName\" AS \"lastname\", \"username\", \"password\", \"creat_ts\" AS \"createdAt\", \"lst_updt_ts\" AS \"updatedAt\" FROM \"db\".\"users\" AS \"users\" WHERE \"users\".\"username\" = '';","level":"info"}
{"level":"info","message":"userService"}
{"message":"userServiceSearching for a user based on id:","level":"info"}
{"message":"Sequelize queryExecuting (default): SELECT \"id\", \"firstName\" AS \"firstname\", \"lastName\" AS \"lastname\", \"username\", \"password\", \"creat_ts\" AS \"createdAt\", \"lst_updt_ts\" AS \"updatedAt\" FROM \"db\".\"users\" AS \"users\" WHERE \"users\".\"username\" = '';","level":"info"}
{"level":"info","message":"userService"}
{"message":"userServiceSearching for a user based on id:","level":"info"}
{"message":"Sequelize queryExecuting (default): SELECT \"id\", \"firstName\" AS \"firstname\", \"lastName\" AS \"lastname\", \"username\", \"password\", \"creat_ts\" AS \"createdAt\", \"lst_updt_ts\" AS \"updatedAt\" FROM \"db\".\"users\" AS \"users\" WHERE \"users\".\"username\" = '';","level":"info"}
{"level":"info","message":"userService"}
{"message":"userServiceSearching for a user based on id:","level":"info"}
{"message":"Sequelize queryExecuting (default): SELECT \"id\", \"firstName\" AS \"firstname\", \"lastName\" AS \"lastname\", \"username\", \"password\", \"creat_ts\" AS \"createdAt\", \"lst_updt_ts\" AS \"updatedAt\" FROM \"db\".\"users\" AS \"users\" WHERE \"users\".\"username\" = '';","level":"info"}
{"level":"info","message":"userService"}
{"message":"userServiceSearching for a user based on id:","level":"info"}
{"message":"Sequelize queryExecuting (default): SELECT \"id\", \"firstName\" AS \"firstname\", \"lastName\" AS \"lastname\", \"username\", \"password\", \"creat_ts\" AS \"createdAt\", \"lst_updt_ts\" AS \"updatedAt\" FROM \"db\".\"users\" AS \"users\" WHERE \"users\".\"username\" = '';","level":"info"}
{"level":"info","message":"userService"}
{"message":"userServiceSearching for a user based on id:","level":"info"}
{"message":"Sequelize queryExecuting (default): SELECT \"id\", \"firstName\" AS \"firstname\", \"lastName\" AS \"lastname\", \"username\", \"password\", \"creat_ts\" AS \"createdAt\", \"lst_updt_ts\" AS \"updatedAt\" FROM \"db\".\"users\" AS \"users\" WHERE \"users\".\"username\" = '';","level":"info"}
{"level":"info","message":"userService"}
{"message":"userServiceSearching for a user based on id:","level":"info"}
{"message":"Sequelize queryExecuting (default): SELECT \"id\", \"firstName\" AS \"firstname\", \"lastName\" AS \"lastname\", \"username\", \"password\", \"creat_ts\" AS \"createdAt\", \"lst_updt_ts\" AS \"updatedAt\" FROM \"db\".\"users\" AS \"users\" WHERE \"users\".\"username\" = '';","level":"info"}
{"level":"info","message":"userService"}
{"message":"userServiceSearching for a user based on id:","level":"info"}
{"message":"Sequelize queryExecuting (default): SELECT \"id\", \"firstName\" AS \"firstname\", \"lastName\" AS \"lastname\", \"username\", \"password\", \"creat_ts\" AS \"createdAt\", \"lst_updt_ts\" AS \"updatedAt\" FROM \"db\".\"users\" AS \"users\" WHERE \"users\".\"username\" = '';","level":"info"}
{"level":"info","message":"userService"}
{"message":"Sequelize queryExecuting (default): SELECT \"id\", \"firstName\" AS \"firstname\", \"lastName\" AS \"lastname\", \"username\", \"password\", \"creat_ts\" AS \"createdAt\", \"lst_updt_ts\" AS \"updatedAt\" FROM \"db\".\"users\" AS \"users\";","level":"info"}
{"level":"info","message":"userModel"}
{"level":"info","message":"userService"}
{"message":"userServiceSearching for a user based on id:","level":"info"}
{"message":"Sequelize queryExecuting (default): SELECT \"id\", \"firstName\" AS \"firstname\", \"lastName\" AS \"lastname\", \"username\", \"password\", \"creat_ts\" AS \"createdAt\", \"lst_updt_ts\" AS \"updatedAt\" FROM \"db\".\"users\" AS \"users\" WHERE \"users\".\"username\" = '';","level":"info"}
{"level":"info","message":"userService"}
{"message":"userServiceSearching for a user based on id:","level":"info"}
{"message":"Sequelize queryExecuting (default): SELECT \"id\", \"firstName\" AS \"firstname\", \"lastName\" AS \"lastname\", \"username\", \"password\", \"creat_ts\" AS \"createdAt\", \"lst_updt_ts\" AS \"updatedAt\" FROM \"db\".\"users\" AS \"users\" WHERE \"users\".\"username\" = '';","level":"info"}
{"level":"info","message":"userService"}
{"message":"userServiceSearching for a user based on id:","level":"info"}
{"message":"Sequelize queryExecuting (default): SELECT \"id\", \"firstName\" AS \"firstname\", \"lastName\" AS \"lastname\", \"username\", \"password\", \"creat_ts\" AS \"createdAt\", \"lst_updt_ts\" AS \"updatedAt\" FROM \"db\".\"users\" AS \"users\" WHERE \"users\".\"username\" = '';","level":"info"}
{"level":"info","message":"userService"}
{"message":"userServiceSearching for a user based on id:53564","level":"info"}
{"message":"Sequelize queryExecuting (default): SELECT \"id\", \"firstName\" AS \"firstname\", \"lastName\" AS \"lastname\", \"username\", \"password\", \"creat_ts\" AS \"createdAt\", \"lst_updt_ts\" AS \"updatedAt\" FROM \"db\".\"users\" AS \"users\" WHERE \"users\".\"username\" = '53564';","level":"info"}
{"level":"info","message":"userService"}
{"message":"Sequelize queryExecuting (default): INSERT INTO \"db\".\"users\" (\"id\",\"firstName\",\"lastName\",\"username\",\"password\",\"creat_ts\",\"lst_updt_ts\") VALUES (DEFAULT,'','','53564','36663',NOW(),NOW()) RETURNING *;","level":"info"}
{"level":"info","message":"userService"}
{"message":"userServiceSearching for a user based on id:erter","level":"info"}
{"message":"Sequelize queryExecuting (default): SELECT \"id\", \"firstName\" AS \"firstname\", \"lastName\" AS \"lastname\", \"username\", \"password\", \"creat_ts\" AS \"createdAt\", \"lst_updt_ts\" AS \"updatedAt\" FROM \"db\".\"users\" AS \"users\" WHERE \"users\".\"username\" = 'erter';","level":"info"}
{"level":"info","message":"userService"}
{"message":"Sequelize queryExecuting (default): INSERT INTO \"db\".\"users\" (\"id\",\"firstName\",\"lastName\",\"username\",\"password\",\"creat_ts\",\"lst_updt_ts\") VALUES (DEFAULT,'','','erter','erttt',NOW(),NOW()) RETURNING *;","level":"info"}
{"level":"info","message":"userService"}
{"message":"userServiceSearching for a user based on id:dfg","level":"info"}
{"message":"Sequelize queryExecuting (default): SELECT \"id\", \"firstName\" AS \"firstname\", \"lastName\" AS \"lastname\", \"username\", \"password\", \"creat_ts\" AS \"createdAt\", \"lst_updt_ts\" AS \"updatedAt\" FROM \"db\".\"users\" AS \"users\" WHERE \"users\".\"username\" = 'dfg';","level":"info"}
{"level":"info","message":"userService"}
{"message":"Sequelize queryExecuting (default): INSERT INTO \"db\".\"users\" (\"id\",\"firstName\",\"lastName\",\"username\",\"password\",\"creat_ts\",\"lst_updt_ts\") VALUES (DEFAULT,'','','dfg','gdfg',NOW(),NOW()) RETURNING *;","level":"info"}
{"level":"info","message":"userService"}
{"message":"userServiceSearching for a user based on id:nbc","level":"info"}
{"message":"Sequelize queryExecuting (default): SELECT \"id\", \"firstName\" AS \"firstname\", \"lastName\" AS \"lastname\", \"username\", \"password\", \"creat_ts\" AS \"createdAt\", \"lst_updt_ts\" AS \"updatedAt\" FROM \"db\".\"users\" AS \"users\" WHERE \"users\".\"username\" = 'nbc';","level":"info"}
{"level":"info","message":"userService"}
{"message":"Sequelize queryExecuting (default): INSERT INTO \"db\".\"users\" (\"id\",\"firstName\",\"lastName\",\"username\",\"password\",\"creat_ts\",\"lst_updt_ts\") VALUES (DEFAULT,'','','nbc','ghfhg',NOW(),NOW()) RETURNING *;","level":"info"}
{"level":"info","message":"userService"}
{"message":"userServiceSearching for a user based on id:wer","level":"info"}
{"message":"Sequelize queryExecuting (default): SELECT \"id\", \"firstName\" AS \"firstname\", \"lastName\" AS \"lastname\", \"username\", \"password\", \"creat_ts\" AS \"createdAt\", \"lst_updt_ts\" AS \"updatedAt\" FROM \"db\".\"users\" AS \"users\" WHERE \"users\".\"username\" = 'wer';","level":"info"}
{"level":"info","message":"userService"}
{"message":"Sequelize queryExecuting (default): INSERT INTO \"db\".\"users\" (\"id\",\"firstName\",\"lastName\",\"username\",\"password\",\"creat_ts\",\"lst_updt_ts\") VALUES (DEFAULT,'','','wer','werrw',NOW(),NOW()) RETURNING *;","level":"info"}
{"level":"info","message":"userService"}
{"message":"userServiceSearching for a user based on id:wre","level":"info"}
{"message":"Sequelize queryExecuting (default): SELECT \"id\", \"firstName\" AS \"firstname\", \"lastName\" AS \"lastname\", \"username\", \"password\", \"creat_ts\" AS \"createdAt\", \"lst_updt_ts\" AS \"updatedAt\" FROM \"db\".\"users\" AS \"users\" WHERE \"users\".\"username\" = 'wre';","level":"info"}
{"level":"info","message":"userService"}
{"message":"Sequelize queryExecuting (default): INSERT INTO \"db\".\"users\" (\"id\",\"firstName\",\"lastName\",\"username\",\"password\",\"creat_ts\",\"lst_updt_ts\") VALUES (DEFAULT,'','','wre','wer',NOW(),NOW()) RETURNING *;","level":"info"}
{"level":"info","message":"userService"}
{"message":"userServiceSearching for a user based on id:fgd","level":"info"}
{"message":"Sequelize queryExecuting (default): SELECT \"id\", \"firstName\" AS \"firstname\", \"lastName\" AS \"lastname\", \"username\", \"password\", \"creat_ts\" AS \"createdAt\", \"lst_updt_ts\" AS \"updatedAt\" FROM \"db\".\"users\" AS \"users\" WHERE \"users\".\"username\" = 'fgd';","level":"info"}
{"level":"info","message":"userService"}
{"message":"Sequelize queryExecuting (default): INSERT INTO \"db\".\"users\" (\"id\",\"firstName\",\"lastName\",\"username\",\"password\",\"creat_ts\",\"lst_updt_ts\") VALUES (DEFAULT,'','','fgd','dfg',NOW(),NOW()) RETURNING *;","level":"info"}
{"level":"info","message":"userService"}
{"message":"userServiceSearching for a user based on id:dddd","level":"info"}
{"message":"Sequelize queryExecuting (default): SELECT \"id\", \"firstName\" AS \"firstname\", \"lastName\" AS \"lastname\", \"username\", \"password\", \"creat_ts\" AS \"createdAt\", \"lst_updt_ts\" AS \"updatedAt\" FROM \"db\".\"users\" AS \"users\" WHERE \"users\".\"username\" = 'dddd';","level":"info"}
{"level":"info","message":"userService"}
{"message":"Sequelize queryExecuting (default): INSERT INTO \"db\".\"users\" (\"id\",\"firstName\",\"lastName\",\"username\",\"password\",\"creat_ts\",\"lst_updt_ts\") VALUES (DEFAULT,'','','dddd','cccc',NOW(),NOW()) RETURNING *;","level":"info"}
{"level":"info","message":"userService"}
{"message":"userServiceSearching for a user based on id:eeee","level":"info"}
{"message":"Sequelize queryExecuting (default): SELECT \"id\", \"firstName\" AS \"firstname\", \"lastName\" AS \"lastname\", \"username\", \"password\", \"creat_ts\" AS \"createdAt\", \"lst_updt_ts\" AS \"updatedAt\" FROM \"db\".\"users\" AS \"users\" WHERE \"users\".\"username\" = 'eeee';","level":"info"}
{"level":"info","message":"userService"}
{"message":"Sequelize queryExecuting (default): INSERT INTO \"db\".\"users\" (\"id\",\"firstName\",\"lastName\",\"username\",\"password\",\"creat_ts\",\"lst_updt_ts\") VALUES (DEFAULT,'','','eeee','rrrr',NOW(),NOW()) RETURNING *;","level":"info"}
{"level":"info","message":"userService"}
{"message":"userServiceSearching for a user based on id:dsf","level":"info"}
{"message":"Sequelize queryExecuting (default): SELECT \"id\", \"firstName\" AS \"firstname\", \"lastName\" AS \"lastname\", \"username\", \"password\", \"creat_ts\" AS \"createdAt\", \"lst_updt_ts\" AS \"updatedAt\" FROM \"db\".\"users\" AS \"users\" WHERE \"users\".\"username\" = 'dsf';","level":"info"}
{"level":"info","message":"userService"}
{"message":"Sequelize queryExecuting (default): INSERT INTO \"db\".\"users\" (\"id\",\"firstName\",\"lastName\",\"username\",\"password\",\"creat_ts\",\"lst_updt_ts\") VALUES (DEFAULT,'aaaa','sdfdsf','dsf','dfg',NOW(),NOW()) RETURNING *;","level":"info"}
{"level":"info","message":"userService"}
{"message":"userServiceSearching for a user based on id:retret","level":"info"}
{"message":"Sequelize queryExecuting (default): SELECT \"id\", \"firstName\" AS \"firstname\", \"lastName\" AS \"lastname\", \"username\", \"password\", \"creat_ts\" AS \"createdAt\", \"lst_updt_ts\" AS \"updatedAt\" FROM \"db\".\"users\" AS \"users\" WHERE \"users\".\"username\" = 'retret';","level":"info"}
{"level":"info","message":"userService"}
{"message":"Sequelize queryExecuting (default): INSERT INTO \"db\".\"users\" (\"id\",\"firstName\",\"lastName\",\"username\",\"password\",\"creat_ts\",\"lst_updt_ts\") VALUES (DEFAULT,'','','retret','retret',NOW(),NOW()) RETURNING *;","level":"info"}
{"message":"Now listening at 3000","level":"info"}
